[2024-02-09 14:07:24] VZQKz5MqSM4BovEbjapk0ZBvViIVcqnF
[2024-02-09 14:07:34] t4ciJyVNXDcwuGBQwEgYz9mXpMOu7gRh
[2024-02-09 14:07:44] P9gsA46vRdv2tVcwgHRWQYj45ZGm4Zwk
[2024-02-09 14:07:54] 1ZViKVpXkAvptSv5nZHhi5T2GFaWUGj8
[2024-02-09 14:08:04] saKE79bYIQtrLnabKvxYYommAxKfEvtU
[2024-02-09 14:08:14] ME1188kHrxxYcLxn7Lk4YojotzdPehoe
[2024-02-09 14:08:24] hPhADmyyeZHCnaGLoAUjmSm7YGJyOveC
[2024-02-09 14:08:34] ICLLOc82sL3PlU5tmqaApR6zGy0RHCL6
[2024-02-09 14:08:44] dpS93Vukj6CrGhuP3AOHqcfx1xLtyeQo
[2024-02-09 14:08:54] P4uUU82OIsxQrJje5SzyWwz3swiBiwvi
[2024-02-09 14:09:04] jWff9IMUbDBHi2VDEyzVGX4in2VxromG
[2024-02-09 14:09:14] e82gsv4hd7H80Cc0bd6RrktTYu2TRQKE
[2024-02-09 14:09:24] V0YYKsrxnVqmgiioLKiSUT4dB3A8CKAj
[2024-02-09 14:09:34] VaazeWfSih1p2DJCOSNnpCePI4DYqcF6
[2024-02-09 14:09:44] mtBLDi2cX2ylzKhudPxQ3M9GxM0URsWn
[2024-02-09 14:09:54] InFuWNPV8T4stclkzRYnMyW3EwBVDO39
[2024-02-09 14:10:04] eWY0gzWmvEOX0TrZOj2H3t6BfOf2F511
[2024-02-09 14:10:14] iVZGSCLuehlEHT9yD53BPL2HLjxa7Uo9
[2024-02-09 14:10:24] GPBlbRjlm9eodNVbBFYxOo6LaAW1v2pI
[2024-02-09 14:10:34] 4n17EjgqQHpHV1ditKdquIU7Qugv0xmt
[2024-02-09 14:10:44] EpXZYCmQfuqUBYskAhYOTmhmD16jOiMh
[2024-02-09 14:10:54] TrfOOFsoSXm0BJQWBFYBN0MsGihayOHd
